<?xml version="1.0" encoding="UTF-8"?>
<!-- Generated by org.testng.reporters.JUnitReportReporter -->
<testsuite hostname="VIGNESH-DESKTOP-M7BTJCA" failures="1" tests="2" name="testRunner.CucumberTestRunner" time="15.164" errors="0" timestamp="2023-10-22T19:19:28 IST" skipped="0">
  <testcase classname="testRunner.CucumberTestRunner" name="runScenario" time="7.873"/>
  <testcase classname="testRunner.CucumberTestRunner" name="runScenario" time="7.291">
    <failure message="expected [] but found [Username and password do not match any user in this service]" type="java.lang.AssertionError">
      <![CDATA[java.lang.AssertionError: expected [] but found [Username and password do not match any user in this service]
at org.testng.Assert.fail(Assert.java:111)
at org.testng.Assert.failNotEquals(Assert.java:1578)
at org.testng.Assert.assertEqualsImpl(Assert.java:150)
at org.testng.Assert.assertEquals(Assert.java:132)
at org.testng.Assert.assertEquals(Assert.java:656)
at org.testng.Assert.assertEquals(Assert.java:666)
at StepDefanitions.loginStepDefanition.errorMessage(loginStepDefanition.java:75)
at âœ½.User get error message(file:///C:/Users/vigne/eclipse-workspace/cucumber/cucumberPract/src/test/resources/featurefile/login.feature:16)
]]>
    </failure>
  </testcase> <!-- runScenario -->
</testsuite> <!-- testRunner.CucumberTestRunner -->
